<?xml version="1.0" encoding="UTF-8"?>
<!-- Generated by org.testng.reporters.JUnitReportReporter -->
<testsuite hostname="DESKTOP-1U92PBD" failures="0" tests="2" name="Sprint1Movie.ImdbClass" time="14.140" errors="0" timestamp="2022-12-28T14:26:42 CST" skipped="0">
  <testcase classname="Sprint1Movie.ImdbClass" name="testIMDB" time="10.217"/>
  <system-out/>
  <testcase classname="Sprint1Movie.ImdbClass" name="testWiki" time="3.923"/>
  <system-out/>
</testsuite> <!-- Sprint1Movie.ImdbClass -->
